"../../../../../../../Unreal Engine 4/CPP/MyProject/Content/DownInDeep/Model/Walker/Walker_Skeleton.uasset" 0
"../../../../../../../Unreal Engine 4/CPP/MyProject/Content/DownInDeep/Model/Walker/Walker_PhysicsAsset.uasset" 1
"../../../../../../../Unreal Engine 4/CPP/MyProject/Content/DownInDeep/Model/Walker/Ch10_1002_Specular.uasset" 2
"../../../../../../../Unreal Engine 4/CPP/MyProject/Content/DownInDeep/Model/Walker/Ch10_1002_Normal.uasset" 3
"../../../../../../../Unreal Engine 4/CPP/MyProject/Content/DownInDeep/Model/Walker/Ch10_1002_Glossiness.uasset" 4
"../../../../../../../Unreal Engine 4/CPP/MyProject/Content/DownInDeep/Model/Walker/Ch10_1002_Diffuse.uasset" 5
"../../../../../../../Unreal Engine 4/CPP/MyProject/Content/DownInDeep/Model/Walker/Ch10_body1.uasset" 6
"../../../../../../../Unreal Engine 4/CPP/MyProject/Content/DownInDeep/Model/Walker/Ch10_1001_Specular.uasset" 7
"../../../../../../../Unreal Engine 4/CPP/MyProject/Content/DownInDeep/Model/Walker/Ch10_1001_Normal.uasset" 8
"../../../../../../../Unreal Engine 4/CPP/MyProject/Content/DownInDeep/Model/Walker/Ch10_1001_Glossiness.uasset" 9
"../../../../../../../Unreal Engine 4/CPP/MyProject/Content/DownInDeep/Model/Walker/Ch10_1001_Diffuse.uasset" 10
"../../../../../../../Unreal Engine 4/CPP/MyProject/Content/DownInDeep/Model/Walker/Ch10_body.uasset" 11
"../../../../../../../Unreal Engine 4/CPP/MyProject/Content/DownInDeep/Model/Walker/Walker.uasset" 12
"../../../Engine/Content/Animation/DefaultAnimBoneCompressionSettings.uasset" 13
"../../../Engine/Content/Animation/DefaultAnimCurveCompressionSettings.uasset" 14
"../../../../../../../Unreal Engine 4/CPP/MyProject/Content/DownInDeep/Model/Walker/Animation/Zombie_Idle.uasset" 15
"../../../../../../../Unreal Engine 4/CPP/MyProject/Content/DownInDeep/Model/Walker/Walker_Skeleton_AnimBlueprint.uasset" 16
"../../../../../../../Unreal Engine 4/CPP/MyProject/Content/DownInDeep/Blueprints/Enemy/Enemy_Base.uasset" 17
"../../../../../../../Unreal Engine 4/CPP/MyProject/Content/DownInDeep/Blueprints/Enemy/EnemyMovementMode.uasset" 18
"../../../../../../../Unreal Engine 4/CPP/MyProject/Content/DownInDeep/Blueprints/Enemy/Enemy_Walker.uasset" 19
"../../../../../../../Unreal Engine 4/CPP/MyProject/Content/DownInDeep/Blueprints/Enemy/Flesh.uasset" 20
"../../../../../../../Unreal Engine 4/CPP/MyProject/Content/DownInDeep/Blueprints/Items/Weapon/_Data/DA_Ammo.uasset" 21
"../../../../../../../Unreal Engine 4/CPP/MyProject/Content/DownInDeep/Blueprints/Items/Interactable.uasset" 22
"../../../../../../../Unreal Engine 4/CPP/MyProject/Content/DownInDeep/Blueprints/Items/BP_Item.uasset" 23
"../../../../../../../Unreal Engine 4/CPP/MyProject/Content/DownInDeep/Blueprints/Items/Weapon/Ammo/12Gauge.uasset" 24
"../../../../../../../Unreal Engine 4/CPP/MyProject/Content/DownInDeep/Model/Gun/Origin12/Mag/shell.uasset" 25
"../../../../../../../Unreal Engine 4/CPP/MyProject/Content/DownInDeep/Model/Gun/Origin12/Mag/weapon_vm_sh_dpapa12_shell.uasset" 26
"../../../../../../../Unreal Engine 4/CPP/MyProject/Content/DownInDeep/Model/Gun/Origin12/weapon_vm_sh_oscar12_v7_mag_c_weapon_vm_sh_oscar12_v7_mag_s_0000000002147483647.uasset" 27
"../../../../../../../Unreal Engine 4/CPP/MyProject/Content/DownInDeep/Model/Gun/Origin12/weapon_vm_sh_oscar12_mag_002.uasset" 28
"../../../../../../../Unreal Engine 4/CPP/MyProject/Content/DownInDeep/Model/Gun/Origin12/Mag/Origin12_mag_Origin12_Mag.uasset" 29
"../../../../../../../Unreal Engine 4/CPP/MyProject/Content/DownInDeep/Blueprints/Items/Weapon/Item_Ammo.uasset" 30
"../../../../../../../Unreal Engine 4/CPP/MyProject/Content/DownInDeep/Blueprints/Items/Weapon/_Data/DA_AmmoList.uasset" 31
"../../../../../../../Unreal Engine 4/CPP/MyProject/Content/DownInDeep/Blueprints/Items/Weapon/_Data/DA_Magazine.uasset" 32
"../../../Engine/Content/EditorBlueprintResources/StandardMacros.uasset" 33
"../../../../../../../Unreal Engine 4/CPP/MyProject/Content/DownInDeep/Blueprints/Items/Weapon/Item_Magazine.uasset" 34
"../../../../../../../Unreal Engine 4/CPP/MyProject/Content/DownInDeep/Blueprints/Items/Weapon/Magazine/Origin12_Mag_8rd.uasset" 35
"../../../../../../../Unreal Engine 4/CPP/MyProject/Content/DownInDeep/Blueprints/Player/SaveSetting.uasset" 36
"../../../../../../../Unreal Engine 4/CPP/MyProject/Content/DownInDeep/Model/EFT/NewCameraAnim.uasset" 37
"../../../../../../../Unreal Engine 4/CPP/MyProject/Content/DownInDeep/Model/EFT/EFT_Arms_Skeleton.uasset" 38
"../../../../../../../Unreal Engine 4/CPP/MyProject/Content/DownInDeep/Model/EFT/Origin12/eft_Origin12_Anim_Fire_ADS.uasset" 39
"../../../../../../../Unreal Engine 4/CPP/MyProject/Content/DownInDeep/SFX/Weapons/Origin12/416280__eflexmusic__shotgun-shot-blast-outdoors-close.uasset" 40
"../../../../../../../Unreal Engine 4/CPP/MyProject/Content/DownInDeep/Model/EFT/Origin12/AM_Origin12_FireADS.uasset" 41
"../../../../../../../Unreal Engine 4/CPP/MyProject/Content/DownInDeep/Model/EFT/Origin12/eft_rig_Origin12_Sprint.uasset" 42
"../../../../../../../Unreal Engine 4/CPP/MyProject/Content/DownInDeep/Model/EFT/Origin12/AM_Origin12_Sprint.uasset" 43
"../../../../../../../Unreal Engine 4/CPP/MyProject/Content/DownInDeep/Model/EFT/Origin12/eft_Origin12_Anim_ADSToHip.uasset" 44
"../../../../../../../Unreal Engine 4/CPP/MyProject/Content/DownInDeep/Model/EFT/Origin12/eft_Origin12_Anim_Hip2ToADS.uasset" 45
"../../../../../../../Unreal Engine 4/CPP/MyProject/Content/DownInDeep/Model/EFT/Origin12/eft_Origin12_HipToWalk.uasset" 46
"../../../../../../../Unreal Engine 4/CPP/MyProject/Content/DownInDeep/Model/EFT/Origin12/eft_Origin12_ToSprint.uasset" 47
"../../../../../../../Unreal Engine 4/CPP/MyProject/Content/DownInDeep/Model/Gun/BHP/SK_BHP.uasset" 48
"../../../../../../../Unreal Engine 4/CPP/MyProject/Content/DownInDeep/Model/Gun/BHP/BrowningHP_a_Browning_HP_Anim_Fire.uasset" 49
"../../../../../../../Unreal Engine 4/CPP/MyProject/Content/DownInDeep/Model/Gun/BHP/Base_color_1_tga.uasset" 50
"../../../../../../../Unreal Engine 4/CPP/MyProject/Content/DownInDeep/Model/Gun/BHP/Gloss_Rough__tga.uasset" 51
"../../../../../../../Unreal Engine 4/CPP/MyProject/Content/DownInDeep/Model/Gun/BHP/Metalness_tga.uasset" 52
"../../../../../../../Unreal Engine 4/CPP/MyProject/Content/DownInDeep/Model/Gun/BHP/Normal_tga.uasset" 53
"../../../../../../../Unreal Engine 4/CPP/MyProject/Content/DownInDeep/Model/Gun/BHP/Pistol.uasset" 54
"../../../../../../../Unreal Engine 4/CPP/MyProject/Content/DownInDeep/Model/Gun/BHP/BrowningHP_Mag_Browning_HP.uasset" 55
"../../../../../../../Unreal Engine 4/CPP/MyProject/Content/DownInDeep/Model/Gun/BHP/PA_BHP.uasset" 56
"../../../../../../../Unreal Engine 4/CPP/MyProject/Content/DownInDeep/Model/Gun/BHP/SKM_BHP.uasset" 57
"../../../../../../../Unreal Engine 4/CPP/MyProject/Content/DownInDeep/Model/Gun/Origin12/Origin12_Origin12_Skeleton.uasset" 58
"../../../../../../../Unreal Engine 4/CPP/MyProject/Content/DownInDeep/Model/Gun/Origin12/Origin12_Origin12_Anim_ReleaseBolt.uasset" 59
"../../../../../../../Unreal Engine 4/CPP/MyProject/Content/DownInDeep/Model/Gun/Origin12/weapon_vm_sh_oscar12_v5_stock_c_weapon_vm_sh_oscar12_v5_stock_s_8926885286948903792.uasset" 60
"../../../../../../../Unreal Engine 4/CPP/MyProject/Content/DownInDeep/Model/Gun/Origin12/weapon_vm_sh_oscar12_v7_body_c_weapon_vm_sh_oscar12_v7_body_s_9617004165281133268.uasset" 61
"../../../../../../../Unreal Engine 4/CPP/MyProject/Content/DownInDeep/Model/Gun/Origin12/Mag/weapon_vm_sh_oscar12_v6_mag_c_weapon_vm_sh_oscar12_v6_mag_s_0000000002147483647.uasset" 62
"../../../../../../../Unreal Engine 4/CPP/MyProject/Content/DownInDeep/Model/Gun/Origin12/Mag/mag.uasset" 63
"../../../Engine/Content/EngineMeshes/Humanoid.uasset" 64
"../../../../../../../Unreal Engine 4/CPP/MyProject/Content/DownInDeep/Model/Mann/UE4_Mann_Handgun_anim_Skeleton.uasset" 65
"../../../../../../../Unreal Engine 4/CPP/MyProject/Content/DownInDeep/Model/Mann/UE4_Mann_Handgun_anim_PhysicsAsset.uasset" 66
"../../../../../../../Unreal Engine 4/CPP/MyProject/Content/DownInDeep/Model/Mann/M_UE4Man_ChestLogo.uasset" 67
"../../../../../../../Unreal Engine 4/CPP/MyProject/Content/DownInDeep/Model/Mann/M_Male_Body.uasset" 68
"../../../../../../../Unreal Engine 4/CPP/MyProject/Content/DownInDeep/Model/Mann/UE4_Mann_Handgun_anim.uasset" 69
"../../../../../../../Unreal Engine 4/CPP/MyProject/Content/DownInDeep/Model/Mann/UE4_Mann_Handgun_anim_ReadyToADS.uasset" 70
"../../../../../../../Unreal Engine 4/CPP/MyProject/Content/DownInDeep/Model/Mann/UE4_Mann_Handgun_anim_UE4_Mannequin_Skeleton_ADSToReady.uasset" 71
"../../../../../../../Unreal Engine 4/CPP/MyProject/Content/DownInDeep/Model/Mann/UE4_Mann_Handgun_anim_UE4_Mannequin_Skeleton_ADS_Idle.uasset" 72
"../../../../../../../Unreal Engine 4/CPP/MyProject/Content/DownInDeep/Model/Mann/UE4_Mann_Handgun_anim_UE4_Mannequin_Skeleton_Draw.uasset" 73
"../../../../../../../Unreal Engine 4/CPP/MyProject/Content/DownInDeep/Model/Mann/UE4_Mann_Handgun_anim_UE4_Mannequin_Skeleton_Fire_ADS.uasset" 74
"../../../../../../../Unreal Engine 4/CPP/MyProject/Content/DownInDeep/Model/Mann/UE4_Mann_Handgun_anim_UE4_Mannequin_Skeleton_Fire_ADS_2.uasset" 75
"../../../../../../../Unreal Engine 4/CPP/MyProject/Content/DownInDeep/Model/Mann/UE4_Mann_Handgun_anim_UE4_Mannequin_Skeleton_Fire_Hip.uasset" 76
"../../../../../../../Unreal Engine 4/CPP/MyProject/Content/DownInDeep/Model/Mann/UE4_Mann_Handgun_anim_UE4_Mannequin_Skeleton_Keep.uasset" 77
"../../../../../../../Unreal Engine 4/CPP/MyProject/Content/DownInDeep/Model/Mann/UE4_Mann_Handgun_anim_UE4_Mannequin_Skeleton_Ready.uasset" 78
"../../../../../../../Unreal Engine 4/CPP/MyProject/Content/DownInDeep/Model/Mann/UE4_Mann_Handgun_anim_UE4_Mannequin_Skeleton_ReadyToADS.uasset" 79
"../../../../../../../Unreal Engine 4/CPP/MyProject/Content/DownInDeep/Model/Mann/UE4_Mann_Handgun_anim_UE4_Mannequin_Skeleton_SpeedReload.uasset" 80
"../../../../../../../Unreal Engine 4/CPP/MyProject/Content/DownInDeep/Model/Walker/Animation/Fall_OnBack.uasset" 81
"../../../../../../../Unreal Engine 4/CPP/MyProject/Content/DownInDeep/Model/Walker/Animation/Fall_OnFace_Sudden.uasset" 82
"../../../../../../../Unreal Engine 4/CPP/MyProject/Content/DownInDeep/Model/Walker/Animation/Pushed.uasset" 83
"../../../../../../../Unreal Engine 4/CPP/MyProject/Content/DownInDeep/Model/Walker/Animation/Walking.uasset" 84
"../../../../../../../Unreal Engine 4/CPP/MyProject/Content/DownInDeep/Model/Walker/Animation/Zombie_Angry_idle.uasset" 85
"../../../../../../../Unreal Engine 4/CPP/MyProject/Content/DownInDeep/Model/Walker/Animation/Zombie_Attack.uasset" 86
"../../Plugins/FX/Niagara/Content/Enums/ENiagara_InfiniteLoopDuration.uasset" 87
"../../Plugins/FX/Niagara/Content/Enums/ENiagara_EmitterStateOptions.uasset" 88
"../../Plugins/FX/Niagara/Content/Enums/ENiagara_ColorInitializationMode.uasset" 89
"../../Plugins/FX/Niagara/Content/Functions/DirectionAndLengthSafe.uasset" 90
"../../Plugins/FX/Niagara/Content/Modules/Update/Size/ScaleSpriteSizeBySpeed.uasset" 91
"../../Plugins/FX/Niagara/Content/Modules/Update/Lifetime/ParticleState.uasset" 92
"../../Plugins/FX/Niagara/Content/Enums/ENiagaraCoordinateSpace.uasset" 93
"../../Plugins/FX/Niagara/Content/Functions/Localspace/TransformBase.uasset" 94
"../../Plugins/FX/Niagara/Content/Functions/Localspace/TransformVector.uasset" 95
"../../Plugins/FX/Niagara/Content/Modules/Update/Forces/GravityForce.uasset" 96
"../../Plugins/FX/Niagara/Content/Modules/Update/Forces/Drag.uasset" 97
"../../Plugins/FX/Niagara/Content/Enums/ENiagaraScaleColorMode.uasset" 98
"../../Plugins/FX/Niagara/Content/Modules/Update/Color/ScaleColor.uasset" 99
"../../Plugins/FX/Niagara/Content/Functions/Math/RemapValueRange.uasset" 100
"../../Plugins/FX/Niagara/Content/Functions/Rotation/MultiplyVectorWithQuaternion.uasset" 101
"../../Plugins/FX/Niagara/Content/Functions/Rotation/FindQuatBetween.uasset" 102
"../../Plugins/FX/Niagara/Content/Functions/PolarToCartesianCoordinates.uasset" 103
"../../Plugins/FX/Niagara/Content/Enums/ENiagaraRandomnessMode.uasset" 104
"../../Plugins/FX/Niagara/Content/Functions/GetRandomInfo.uasset" 105
"../../Plugins/FX/Niagara/Content/Functions/RandomRangeFloat.uasset" 106
"../../Plugins/FX/Niagara/Content/Functions/RandomVectorInCone.uasset" 107
"../../Plugins/FX/Niagara/Content/Modules/Spawn/Velocity/AddVelocityInCone.uasset" 108
"../../Plugins/FX/Niagara/Content/Enums/ENiagaraRandomnessEvaluation.uasset" 109
"../../Plugins/FX/Niagara/Content/Functions/V2/CalculateRandomRange.uasset" 110
"../../Plugins/FX/Niagara/Content/Functions/V2/CalculateRandomRangeFloat.uasset" 111
"../../Plugins/FX/Niagara/Content/Functions/LinearColor/HueShiftLinearColor.uasset" 112
"../../Plugins/FX/Niagara/Content/Functions/V2/CalculateRandomRangeInteger.uasset" 113
"../../Plugins/FX/Niagara/Content/Functions/V2/CalculateRandomBool.uasset" 114
"../../Plugins/FX/Niagara/Content/Functions/Localspace/SimulationPosition.uasset" 115
"../../Plugins/FX/Niagara/Content/Enums/ENiagaraChannelCorrelation.uasset" 116
"../../Plugins/FX/Niagara/Content/Enums/ENiagara_UVFlippingMode.uasset" 117
"../../Plugins/FX/Niagara/Content/Enums/ENiagara_SpriteRotationMode.uasset" 118
"../../Plugins/FX/Niagara/Content/Enums/ENiagara_SizeScaleMode.uasset" 119
"../../Plugins/FX/Niagara/Content/Enums/ENiagara_PositionInitializationMode.uasset" 120
"../../Plugins/FX/Niagara/Content/Enums/ENiagara_MassInitializationMode.uasset" 121
"../../Plugins/FX/Niagara/Content/Enums/ENiagara_LifetimeMode.uasset" 122
"../../Plugins/FX/Niagara/Content/Modules/Spawn/Initialization/V2/InitializeParticle.uasset" 123
"../../Plugins/FX/Niagara/Content/Modules/Solvers/SolveForcesAndVelocity.uasset" 124
"../../Plugins/FX/Niagara/Content/Modules/Emitter/SpawnBurst_Instantaneous.uasset" 125
"../../Plugins/FX/Niagara/Content/Enums/ENiagaraExecutionStateManagement.uasset" 126
"../../Plugins/FX/Niagara/Content/Functions/Emitter/EmitterChangeState.uasset" 127
"../../Plugins/FX/Niagara/Content/Enums/ENiagaraInactiveMode.uasset" 128
"../../Plugins/FX/Niagara/Content/Enums/ENiagaraEmitterScalabilityMode_Limited.uasset" 129
"../../Plugins/FX/Niagara/Content/Enums/ENiagaraEmitterLifeCycleMode.uasset" 130
"../../Plugins/FX/Niagara/Content/Modules/Emitter/EmitterState.uasset" 131
"../../Plugins/FX/Niagara/Content/DynamicInputs/ValueFromCurve/FloatFromCurve.uasset" 132
"../../Plugins/FX/Niagara/Content/DynamicInputs/UniformRange/V2/RandomRangeFloat.uasset" 133
"../../Plugins/FX/Niagara/Content/DefaultAssets/DefaultSpriteMaterial.uasset" 134
"../../../../../../../Unreal Engine 4/CPP/MyProject/Content/DownInDeep/Particles/MuzzleFlash_Origin12.uasset" 135
"../../../../../../../Unreal Engine 4/CPP/MyProject/Content/Geometry/Meshes/CubeMaterial.uasset" 136
"../../../../../../../Unreal Engine 4/CPP/MyProject/Content/Geometry/Meshes/1M_Cube.uasset" 137
"../../../../../../../Unreal Engine 4/CPP/MyProject/Content/Geometry/Meshes/1M_Cube_Chamfer.uasset" 138
"../../../../../../../Unreal Engine 4/CPP/MyProject/Content/Geometry/Meshes/TemplateFloor.uasset" 139
"../../../../../../../Unreal Engine 4/CPP/MyProject/Content/Macros/ForLoopCondition.uasset" 140
"../../../../../../../Unreal Engine 4/CPP/MyProject/Content/Macros/ReverseLoopWithBreak.uasset" 141
"../../../../../../../Unreal Engine 4/CPP/MyProject/Content/DownInDeep/Model/EFT/Origin12/eft_Origin12_Anim_BoltRelease.uasset" 142
"../../../../../../../Unreal Engine 4/CPP/MyProject/Content/DownInDeep/Model/EFT/Origin12/AM_Origin12_Chamber.uasset" 143
"../../../../../../../Unreal Engine 4/CPP/MyProject/Content/DownInDeep/Model/EFT/Origin12/eft_Origin12_Anim_ADS.uasset" 144
"../../../../../../../Unreal Engine 4/CPP/MyProject/Content/DownInDeep/Model/EFT/Origin12/eft_Origin12_Anim_Hip2.uasset" 145
"../../../../../../../Unreal Engine 4/CPP/MyProject/Content/DownInDeep/Model/EFT/eft_Origin12_Skeleton_AnimBlueprint.uasset" 146
"../../../../../../../Unreal Engine 4/CPP/MyProject/Content/DownInDeep/Model/EFT/EFT_Arms_PhysicsAsset.uasset" 147
"../../../../../../../Unreal Engine 4/CPP/MyProject/Content/DownInDeep/Model/EFT/Hands_usec_CombatShirt_d.uasset" 148
"../../../../../../../Unreal Engine 4/CPP/MyProject/Content/DownInDeep/Model/EFT/Hands_usec_CombatShirt.uasset" 149
"../../../../../../../Unreal Engine 4/CPP/MyProject/Content/DownInDeep/Model/EFT/EFT_Arms.uasset" 150
"../../../../../../../Unreal Engine 4/CPP/MyProject/Content/DownInDeep/Blueprints/Player/PlayerController_DonwInDeep.uasset" 151
"../../../../../../../Unreal Engine 4/CPP/MyProject/Content/DownInDeep/Blueprints/Player/MovementMode.uasset" 152
"../../../../../../../Unreal Engine 4/CPP/MyProject/Content/DownInDeep/Blueprints/Player/Headbobbing.uasset" 153
"../../../../../../../Unreal Engine 4/CPP/MyProject/Content/DownInDeep/Blueprints/Items/Weapon/_Data/WeaponSlot.uasset" 154
"../../../../../../../Unreal Engine 4/CPP/MyProject/Content/DownInDeep/Blueprints/Items/Weapon/_Data/LoadType.uasset" 155
"../../../../../../../Unreal Engine 4/CPP/MyProject/Content/DownInDeep/Blueprints/Items/Weapon/_Data/Firemode.uasset" 156
"../../../../../../../Unreal Engine 4/CPP/MyProject/Content/DownInDeep/DataAssets/Items/Weapons/Ammo/List/12GaugeList.uasset" 157
"../../../../../../../Unreal Engine 4/CPP/MyProject/Content/DownInDeep/Blueprints/Items/Weapon/_Data/BoltType.uasset" 158
"../../../../../../../Unreal Engine 4/CPP/MyProject/Content/DownInDeep/Blueprints/Items/Weapon/_Data/DA_Weapon.uasset" 159
"../../../../../../../Unreal Engine 4/CPP/MyProject/Content/DownInDeep/Model/EFT/Origin12/eft_Origin12_Anim_Fire_Hip2.uasset" 160
"../../../../../../../Unreal Engine 4/CPP/MyProject/Content/DownInDeep/Model/EFT/Origin12/AM_Origin12_FireHip.uasset" 161
"../../../../../../../Unreal Engine 4/CPP/MyProject/Content/DownInDeep/Model/EFT/Origin12/eft_Origin12_Anim_TacReload.uasset" 162
"../../../../../../../Unreal Engine 4/CPP/MyProject/Content/DownInDeep/Model/EFT/Origin12/AM_Origin12_Reload.uasset" 163
"../../../../../../../Unreal Engine 4/CPP/MyProject/Content/DownInDeep/Model/Gun/Origin12/Origin12_Origin12_Physics.uasset" 164
"../../../../../../../Unreal Engine 4/CPP/MyProject/Content/DownInDeep/Model/Gun/Origin12/weapon_vm_sh_oscar12_v5_stock_c_weapon_vm_sh_oscar12_v5_stock_s_0000000002147483647.uasset" 165
"../../../../../../../Unreal Engine 4/CPP/MyProject/Content/DownInDeep/Model/Gun/Origin12/weapon_vm_sh_oscar12_stock_002.uasset" 166
"../../../../../../../Unreal Engine 4/CPP/MyProject/Content/DownInDeep/Model/Gun/Origin12/weapon_vm_sh_oscar12_sight_c_weapon_vm_sh_oscar12_sight_s_00000000002147483647.uasset" 167
"../../../../../../../Unreal Engine 4/CPP/MyProject/Content/DownInDeep/Model/Gun/Origin12/weapon_vm_sh_oscar12_sight_002.uasset" 168
"../../../../../../../Unreal Engine 4/CPP/MyProject/Content/DownInDeep/Model/Gun/Origin12/weapon_vm_sh_oscar12_v7_body_c_weapon_vm_sh_oscar12_v7_body_s_0000000002147483647.uasset" 169
"../../../../../../../Unreal Engine 4/CPP/MyProject/Content/DownInDeep/Model/Gun/Origin12/weapon_vm_sh_oscar12_body_002.uasset" 170
"../../../../../../../Unreal Engine 4/CPP/MyProject/Content/DownInDeep/Model/Gun/Origin12/weapon_vm_sh_oscar12_body2_c_weapon_vm_sh_oscar12_body2_s_00000000002147483647.uasset" 171
"../../../../../../../Unreal Engine 4/CPP/MyProject/Content/DownInDeep/Model/Gun/Origin12/weapon_vm_sh_oscar12_body2_005.uasset" 172
"../../../../../../../Unreal Engine 4/CPP/MyProject/Content/DownInDeep/Model/Gun/Origin12/weapon_vm_sh_oscar12_body2_c_weapon_vm_sh_oscar12_body2_s_17710452219495525101_ncl1_1.uasset" 173
"../../../../../../../Unreal Engine 4/CPP/MyProject/Content/DownInDeep/Model/Gun/Origin12/weapon_vm_sh_oscar12_body2_003.uasset" 174
"../../../../../../../Unreal Engine 4/CPP/MyProject/Content/DownInDeep/Model/Gun/Origin12/shell.uasset" 175
"../../../../../../../Unreal Engine 4/CPP/MyProject/Content/DownInDeep/Model/Gun/Origin12/weapon_vm_sh_dpapa12_shell_002.uasset" 176
"../../../../../../../Unreal Engine 4/CPP/MyProject/Content/DownInDeep/Model/Gun/Origin12/shell_ncl1_1.uasset" 177
"../../../../../../../Unreal Engine 4/CPP/MyProject/Content/DownInDeep/Model/Gun/Origin12/weapon_vm_sh_dpapa12_shell.uasset" 178
"../../../../../../../Unreal Engine 4/CPP/MyProject/Content/DownInDeep/Model/Gun/Origin12/Origin12_Origin12.uasset" 179
"../../../../../../../Unreal Engine 4/CPP/MyProject/Content/DownInDeep/Blueprints/Player/Player_DownInDeep.uasset" 180
"../../../../../../../Unreal Engine 4/CPP/MyProject/Content/DownInDeep/Blueprints/Gamemode/DownInDeep_Gamemode.uasset" 181
"../../../../../../../Unreal Engine 4/CPP/MyProject/Content/DownInDeep/Blueprints/Gamemode/DefaultGamemode.uasset" 182
"../../../../../../../Unreal Engine 4/CPP/MyProject/Content/DownInDeep/Blueprints/Player/ArmMode.uasset" 183
"../../../../../../../Unreal Engine 4/CPP/MyProject/Content/DownInDeep/Model/Gun/Origin12/Origin12_Origin12_Anim_FireCycle.uasset" 184
"../../../Engine/Content/EngineMaterials/T_Default_Material_Grid_N.uasset" 185
"../../../Engine/Content/EngineMaterials/T_Default_Material_Grid_M.uasset" 186
"../../../Engine/Content/Functions/Engine_MaterialFunctions01/Opacity/CameraDepthFade.uasset" 187
"../../../Engine/Content/EngineMaterials/WorldGridMaterial.uasset" 188
"../../../Engine/Content/ArtTools/RenderToTexture/Meshes/S_1_Unit_Plane.uasset" 189
"../../../Engine/Content/EngineMaterials/DefaultMaterial.uasset" 190
"../../../Engine/Content/BasicShapes/Cone.uasset" 191
"../../../Engine/Content/BasicShapes/Cube.uasset" 192
"../../../Engine/Content/BasicShapes/Plane.uasset" 193
"../../../Engine/Content/BasicShapes/Sphere.uasset" 194
"../../../Engine/Content/EditorLandscapeResources/DataLayer.uasset" 195
"../../../Engine/Content/EditorLandscapeResources/DefaultAlphaTexture.uasset" 196
"../../../Engine/Content/EditorMaterials/MAT_Groups_Toggle.uasset" 197
"../../../Engine/Content/EditorMaterials/MAT_Groups_Visibility.uasset" 198
"../../../Engine/Content/EditorMaterials/PreviewShadowIndicator.uasset" 199
"../../../Engine/Content/EditorMaterials/PreviewShadowIndicatorMaterial.uasset" 200
"../../../Engine/Content/EditorMaterials/MatineeGroups/MAT_ColorTrack.uasset" 201
"../../../Engine/Content/EditorMaterials/MatineeGroups/MAT_Groups_Anim.uasset" 202
"../../../Engine/Content/EditorMaterials/MatineeGroups/MAT_Groups_AudioMaster.uasset" 203
"../../../Engine/Content/EditorMaterials/MatineeGroups/MAT_Groups_Director.uasset" 204
"../../../Engine/Content/EditorMaterials/MatineeGroups/MAT_Groups_Event.uasset" 205
"../../../Engine/Content/EditorMaterials/MatineeGroups/MAT_Groups_Fade.uasset" 206
"../../../Engine/Content/EditorMaterials/MatineeGroups/MAT_Groups_Float.uasset" 207
"../../../Engine/Content/EditorMaterials/MatineeGroups/MAT_Groups_Move.uasset" 208
"../../../Engine/Content/EditorMaterials/MatineeGroups/MAT_Groups_Slomo.uasset" 209
"../../../Engine/Content/EditorMaterials/MatineeGroups/MAT_Groups_Sound.uasset" 210
"../../../Engine/Content/EditorMaterials/MatineeGroups/MAT_Groups_Vector.uasset" 211
"../../../Engine/Content/EditorMaterials/ParticleSystems/PSysThumbnail_NoImage.uasset" 212
"../../../Engine/Content/EditorMaterials/ParticleSystems/PSysThumbnail_OOD.uasset" 213
"../../../Engine/Content/EditorMaterials/Camera/CineMat.uasset" 214
"../../../Engine/Content/EditorMaterials/Camera/MI_CineMat_Rig.uasset" 215
"../../../Engine/Content/EditorMeshes/Camera/SM_CraneRig_Arm.uasset" 216
"../../../Engine/Content/EditorMeshes/Camera/SM_CraneRig_Base.uasset" 217
"../../../Engine/Content/EditorMeshes/Camera/SM_CraneRig_Body.uasset" 218
"../../../Engine/Content/EditorMeshes/Camera/SM_CraneRig_Mount.uasset" 219
"../../../Engine/Content/EditorMeshes/Camera/SM_RailRig_Mount.uasset" 220
"../../../Engine/Content/EditorMeshes/Camera/SM_RailRig_Track.uasset" 221
"../../../Engine/Content/EditorResources/BSPVertex.uasset" 222
"../../../Engine/Content/EditorResources/EmptyActor.uasset" 223
"../../../Engine/Content/EditorResources/S_Actor.uasset" 224
"../../../Engine/Content/EditorResources/S_Note.uasset" 225
"../../../Engine/Content/EditorResources/S_Solver.uasset" 226
"../../../Engine/Content/EditorResources/S_Terrain.uasset" 227
"../../../Engine/Content/EditorResources/S_Trigger.uasset" 228
"../../../Engine/Content/EditorResources/LightIcons/S_LightError.uasset" 229
"../../../Engine/Content/EditorResources/SequenceRecorder/Countdown.uasset" 230
"../../../Engine/Content/EditorResources/SequenceRecorder/RecordingIndicator.uasset" 231
"../../../Engine/Content/EngineDamageTypes/DmgTypeBP_Environmental.uasset" 232
"../../../Engine/Content/EngineDebugMaterials/DebugEditorMaterial.uasset" 233
"../../../Engine/Content/EngineDebugMaterials/DebugMeshMaterial.uasset" 234
"../../../Engine/Content/EngineDebugMaterials/M_SimpleUnlitTranslucent.uasset" 235
"../../../Engine/Content/Functions/Engine_MaterialFunctions02/Utility/CameraDirectionVector.uasset" 236
"../../../Engine/Content/EngineDebugMaterials/VolumeToRender.uasset" 237
"../../../Engine/Content/EngineDebugMaterials/M_VolumeRenderSphereTracePP.uasset" 238
"../../../Engine/Content/Functions/Engine_MaterialFunctions01/Shading/ConvertFromDiffSpec.uasset" 239
"../../../Engine/Content/EngineDebugMaterials/VertexColorMaterial.uasset" 240
"../../../Engine/Content/EngineDebugMaterials/WireframeMaterial.uasset" 241
"../../../Engine/Content/EngineFonts/Faces/RobotoRegular.uasset" 242
"../../../Engine/Content/EngineFonts/Faces/RobotoLight.uasset" 243
"../../../Engine/Content/EngineFonts/Faces/RobotoItalic.uasset" 244
"../../../Engine/Content/EngineFonts/Faces/RobotoBoldItalic.uasset" 245
"../../../Engine/Content/EngineFonts/Faces/RobotoBold.uasset" 246
"../../../Engine/Content/EngineFonts/Faces/DroidSansFallback.uasset" 247
"../../../Engine/Content/EngineFonts/Roboto.uasset" 248
"../../../Engine/Content/EngineMaterials/BaseFlattenNormalMap.uasset" 249
"../../../Engine/Content/EngineMaterials/BaseFlattenGrayscaleMap.uasset" 250
"../../../Engine/Content/EngineMaterials/BaseFlattenEmissiveMap.uasset" 251
"../../../Engine/Content/EngineMaterials/BaseFlattenDiffuseMap.uasset" 252
"../../../Engine/Content/EngineMaterials/BaseFlattenMaterial.uasset" 253
"../../../Engine/Content/EngineMaterials/BlueNoise.uasset" 254
"../../../Engine/Content/EngineMaterials/DefaultBloomKernel.uasset" 255
"../../../Engine/Content/EngineMaterials/DefaultBokeh.uasset" 256
"../../../Engine/Content/EngineMaterials/DefaultDiffuse.uasset" 257
"../../../Engine/Content/EngineMaterials/DefaultDeferredDecalMaterial.uasset" 258
"../../../Engine/Content/EngineMaterials/DefaultLightFunctionMaterial.uasset" 259
"../../../Engine/Content/EngineMaterials/DefaultPhysicalMaterial.uasset" 260
"../../../Engine/Content/Functions/Engine_MaterialFunctions02/Utility/BreakOutFloat2Components.uasset" 261
"../../../Engine/Content/EngineMaterials/DefaultPostProcessMaterial.uasset" 262
"../../../Engine/Content/EngineFonts/RobotoDistanceField.uasset" 263
"../../../Engine/Content/EngineMaterials/DefaultTextMaterialOpaque.uasset" 264
"../../../Engine/Content/EngineMaterials/DefaultWhiteGrid.uasset" 265
"../../../Engine/Content/EngineMaterials/DefaultWhiteGrid_Low.uasset" 266
"../../../Engine/Content/EngineMaterials/EmissiveMeshMaterial.uasset" 267
"../../../Engine/Content/EngineMaterials/GizmoMaterial.uasset" 268
"../../../Engine/Content/EngineMaterials/Good64x64TilingNoiseHighFreq.uasset" 269
"../../../Engine/Content/EngineMaterials/MiniFont.uasset" 270
"../../../Engine/Content/EngineMaterials/InvalidLightmapSettings.uasset" 271
"../../../Engine/Content/EngineMaterials/M_InvalidLightmapSettings.uasset" 272
"../../../Engine/Content/Functions/Engine_MaterialFunctions02/WorldPositionOffset/CameraOffset.uasset" 273
"../../../Engine/Content/EngineMaterials/PhAT_JointLimitMaterial.uasset" 274
"../../../Engine/Content/EngineMaterials/PreintegratedSkinBRDF.uasset" 275
"../../../Engine/Content/EngineMaterials/RemoveSurfaceMaterial.uasset" 276
"../../../Engine/Content/EngineMaterials/WeightMapPlaceholderTexture.uasset" 277
"../../../Engine/Content/EngineResources/WhiteSquareTexture.uasset" 278
"../../../Engine/Content/EngineMaterials/Widget3DPassThrough.uasset" 279
"../../../Engine/Content/EngineMaterials/Widget3DPassThrough_Masked.uasset" 280
"../../../Engine/Content/EngineMaterials/Widget3DPassThrough_Opaque.uasset" 281
"../../../Engine/Content/EngineMaterials/Widget3DPassThrough_Masked_OneSided.uasset" 282
"../../../Engine/Content/EngineMaterials/Widget3DPassThrough_Opaque_OneSided.uasset" 283
"../../../Engine/Content/EngineMaterials/Widget3DPassThrough_Translucent.uasset" 284
"../../../Engine/Content/EngineMaterials/Widget3DPassThrough_Translucent_OneSided.uasset" 285
"../../../Engine/Content/EngineMeshes/Cylinder.uasset" 286
"../../../Engine/Content/EngineMeshes/Sphere.uasset" 287
"../../../Engine/Content/EngineResources/Black.uasset" 288
"../../../Engine/Content/EngineResources/DefaultTextureCube.uasset" 289
"../../../Engine/Content/EngineResources/DefaultVolumeTexture2D.uasset" 290
"../../../Engine/Content/EngineResources/DefaultVolumeTexture.uasset" 291
"../../../Engine/Content/EngineResources/GradientTexture0.uasset" 292
"../../../Engine/Content/EngineSky/VolumetricClouds/T_NoiseShape64.uasset" 293
"../../../Engine/Content/EngineSky/VolumetricClouds/T_VolumeNoiseShape64.uasset" 294
"../../../Engine/Content/EngineSky/VolumetricClouds/T_NoiseErosion.uasset" 295
"../../../Engine/Content/EngineSky/VolumetricClouds/T_VolumeNoiseErosion32.uasset" 296
"../../../Engine/Content/Functions/Engine_MaterialFunctions02/Utility/MakeFloat2.uasset" 297
"../../../Engine/Content/EngineSky/VolumetricClouds/CloudWeatherTexture.uasset" 298
"../../../Engine/Content/EngineSky/VolumetricClouds/CloudGradientTexture.uasset" 299
"../../../Engine/Content/EngineSky/VolumetricClouds/m_SimpleVolumetricCloud.uasset" 300
"../../../Engine/Content/EngineSky/VolumetricClouds/m_SimpleVolumetricCloud_Inst.uasset" 301
"../../../Engine/Content/EngineSounds/Master.uasset" 302
"../../../Engine/Content/Functions/Engine_MaterialFunctions01/Shading/PowerToRoughness.uasset" 303
"../../../Engine/Content/Maps/Templates/Thumbnails/Default.uasset" 304
"../../../Engine/Content/Maps/Templates/Thumbnails/TimeOfDay.uasset" 305
"../../../Engine/Content/Maps/Templates/Thumbnails/VR-Basic.uasset" 306
"../../../Engine/Content/MobileResources/T_MobileControls_texture.uasset" 307
"../../../Engine/Content/MobileResources/T_MobileMenu2.uasset" 308
"../../../Engine/Content/MobileResources/HUD/AnalogHat.uasset" 309
"../../../Engine/Content/MobileResources/HUD/VirtualJoystick_Thumb.uasset" 310
"../../../Engine/Content/MobileResources/HUD/VirtualJoystick_Background.uasset" 311
"../../../Engine/Content/MobileResources/HUD/DefaultVirtualJoysticks.uasset" 312
"../../../Engine/Content/MobileResources/HUD/LeftVirtualJoystickOnly.uasset" 313
"../../../Engine/Content/MobileResources/HUD/MobileHUDButton1_off.uasset" 314
"../../../Engine/Content/MobileResources/HUD/MobileHUDButton1_on.uasset" 315
"../../../Engine/Content/MobileResources/HUD/MobileHUDButton2_off.uasset" 316
"../../../Engine/Content/MobileResources/HUD/MobileHUDButton2_on.uasset" 317
"../../../Engine/Content/MobileResources/HUD/MobileHUDButton3.uasset" 318
"../../../Engine/Content/MobileResources/HUD/MobileHUDButtonFire.uasset" 319
"../../../Engine/Content/MobileResources/HUD/MobileHUDDirectionPad.uasset" 320
"../../../Engine/Content/MobileResources/HUD/MobileHUDDirectionPad2.uasset" 321
"../../../Engine/Content/MobileResources/HUD/MobileHUDDirectionPad3.uasset" 322
"../../../Engine/Content/MobileResources/HUD/MobileHUDDirectionStick.uasset" 323
"../../../Engine/Content/MobileResources/HUD/T_Castle_ThumbstickInner.uasset" 324
"../../../Engine/Content/MobileResources/HUD/T_Castle_ThumbstickOutter.uasset" 325
"../../../Engine/Content/Tutorial/ContentIntroCurve.uasset" 326
"../../../Engine/Content/Tutorial/Basics/LevelEditorAttract.uasset" 327
"../../../Engine/Content/Tutorial/Installation/InstallingVisualStudioTutorial.uasset" 328
"../../../Engine/Content/VREditor/TransformGizmo/TranslucentTransformGizmoMaterial.uasset" 329
"../../../Engine/Content/VREditor/LaserPointer/VR_LaserPower_01.uasset" 330
"../../../Engine/Content/VREditor/TransformGizmo/TransformGizmoMaterial.uasset" 331
"../../../Engine/Content/VREditor/TransformGizmo/BoundingBoxCorner.uasset" 332
"../../../Engine/Content/VREditor/TransformGizmo/BoundingBoxEdge.uasset" 333
"../../../Engine/Content/VREditor/TransformGizmo/PlaneTranslationHandle.uasset" 334
"../../../Engine/Content/VREditor/TransformGizmo/Xray.uasset" 335
"../../../Engine/Content/VREditor/TransformGizmo/Main.uasset" 336
"../../../Engine/Content/VREditor/TransformGizmo/SM_Sequencer_Key.uasset" 337
"../../../Engine/Content/VREditor/TransformGizmo/SM_Sequencer_Node.uasset" 338
"../../Plugins/2D/Paper2D/Content/PlaceholderTextures/DummySpriteTexture.uasset" 339
"../../Plugins/2D/Paper2D/Content/DummySprite.uasset" 340
"../../Plugins/2D/Paper2D/Content/DefaultPaperTerrainMaterial.uasset" 341
"../../Plugins/2D/Paper2D/Content/DefaultSpriteMaterial.uasset" 342
"../../Plugins/2D/Paper2D/Content/MaskedUnlitSpriteMaterial.uasset" 343
"../../Plugins/2D/Paper2D/Content/OpaqueUnlitSpriteMaterial.uasset" 344
"../../../Engine/Content/Functions/Engine_MaterialFunctions02/Utility/BreakOutFloat3Components.uasset" 345
"../../Plugins/Editor/SpeedTreeImporter/Content/SpeedTree9/UnpackInteger3.uasset" 346
"../../Plugins/Editor/SpeedTreeImporter/Content/SpeedTree9/UnpackDirection.uasset" 347
"../../Plugins/Editor/SpeedTreeImporter/Content/SpeedTree9/game_wind_noise.uasset" 348
"../../../Engine/Content/Functions/Engine_MaterialFunctions02/SafeNormalize.uasset" 349
"../../Plugins/Editor/SpeedTreeImporter/Content/SpeedTree9/SpeedTreeWindMotion.uasset" 350
"../../Plugins/Editor/SpeedTreeImporter/Content/SpeedTree9/SpeedTreeBranchMotion.uasset" 351
"../../../Engine/Content/Functions/Engine_MaterialFunctions02/ObjectLocalBounds.uasset" 352
"../../../Engine/Content/Functions/Engine_MaterialFunctions02/UVs/BoundingBoxBased_0-1_UVW.uasset" 353
"../../Plugins/Editor/SpeedTreeImporter/Content/SpeedTree9/SpeedTreeWind.uasset" 354
"../../Plugins/Editor/SpeedTreeImporter/Content/SpeedTree9/SpeedTreeBillboard.uasset" 355
"../../../Engine/Content/EngineResources/DefaultTexture.uasset" 356
"../../Plugins/Editor/SpeedTreeImporter/Content/SpeedTree9/SpeedTreeBillboardMaster.uasset" 357
"../../Plugins/Editor/SpeedTreeImporter/Content/SpeedTree9/SpeedTreeCameraFacing.uasset" 358
"../../Plugins/Editor/SpeedTreeImporter/Content/SpeedTree9/SpeedTreeMaster.uasset" 359
"../../../Engine/Content/BasicShapes/Cylinder.uasset" 360
"../../../Engine/Content/ArtTools/RenderToTexture/Materials/Debug/M_Emissive_Color.uasset" 361
"../../Plugins/Lumin/MagicLeapPassableWorld/Content/MagicLeapARPinInfoActor.uasset" 362
"../../../Engine/Content/Functions/Engine_MaterialFunctions02/Utility/MakeFloat3.uasset" 363
"../../../Engine/Content/Functions/Engine_MaterialFunctions02/Utility/BreakOutFloat4Components.uasset" 364
"../../Plugins/Runtime/Oculus/OculusVR/Content/Materials/OculusMR_ChromaKey.uasset" 365
"../../Plugins/Runtime/Oculus/OculusVR/Content/Materials/OculusMR_OpaqueColoredMaterial.uasset" 366
"../../Plugins/Runtime/Oculus/OculusVR/Content/Materials/PokeAHoleMaterial.uasset" 367
"../../../Engine/Content/EngineSky/T_Sky_Stars.uasset" 368
"../../../Engine/Content/EngineSky/T_Sky_Clouds_M.uasset" 369
"../../../Engine/Content/EngineSky/T_Sky_Blue.uasset" 370
"../../../Engine/Content/EngineSky/M_Sky_Panning_Clouds2.uasset" 371
"../../../../../../../Unreal Engine 4/CPP/MyProject/Content/Level/Test_BuiltData.uasset" 372
"../../../Engine/Content/EngineSky/SM_SkySphere.uasset" 373
"../../../Engine/Content/EngineSky/C_Sky_Zenith_Color.uasset" 374
"../../../Engine/Content/EngineSky/C_Sky_Horizon_Color.uasset" 375
"../../../Engine/Content/EngineSky/C_Sky_Cloud_Color.uasset" 376
"../../../Engine/Content/EngineSky/BP_Sky_Sphere.uasset" 377
"../../../../../../../Unreal Engine 4/CPP/MyProject/Content/DownInDeep/Blueprints/Items/Weapon/_Data/ChamberCondition.uasset" 378
"../../../../../../../Unreal Engine 4/CPP/MyProject/Content/DownInDeep/Blueprints/Items/Weapon/_Data/WeaponProperties.uasset" 379
"../../../../../../../Unreal Engine 4/CPP/MyProject/Content/DownInDeep/Blueprints/Items/Weapon/Item_Weapon.uasset" 380
"../../../../../../../Unreal Engine 4/CPP/MyProject/Content/DownInDeep/Blueprints/Items/Weapon/Weapon/Origin12.uasset" 381
"../../../../../../../Unreal Engine 4/CPP/MyProject/Content/Level/Test.umap" 382
"../../../Engine/Content/Maps/Entry_BuiltData.uasset" 383
"../../../Engine/Content/Maps/Entry.umap" 384
